0 info it worked if it ends with ok
1 verbose cli [ 'node', '/usr/local/bin/npm', 'publish' ]
2 info using npm@2.12.1
3 info using node@v0.12.7
4 verbose node symlink /usr/local/bin/node
5 verbose publish [ '.' ]
6 silly cache add args [ '.', null ]
7 verbose cache add spec .
8 silly cache add parsed spec { raw: '.',
8 silly cache add   scope: null,
8 silly cache add   name: null,
8 silly cache add   rawSpec: '.',
8 silly cache add   spec: '/Users/gdbate/Sites/node-redis-helper',
8 silly cache add   type: 'directory' }
9 verbose addLocalDirectory /Users/gdbate/.npm/node-redis-helper/0.1.1/package.tgz not in flight; packing
10 verbose tar pack [ '/Users/gdbate/.npm/node-redis-helper/0.1.1/package.tgz',
10 verbose tar pack   '/Users/gdbate/Sites/node-redis-helper' ]
11 verbose tarball /Users/gdbate/.npm/node-redis-helper/0.1.1/package.tgz
12 verbose folder /Users/gdbate/Sites/node-redis-helper
13 info prepublish node-redis-helper@0.1.1
14 verbose addLocalTarball adding from inside cache /Users/gdbate/.npm/node-redis-helper/0.1.1/package.tgz
15 silly cache afterAdd node-redis-helper@0.1.1
16 verbose afterAdd /Users/gdbate/.npm/node-redis-helper/0.1.1/package/package.json not in flight; writing
17 verbose afterAdd /Users/gdbate/.npm/node-redis-helper/0.1.1/package/package.json written
18 silly publish { name: 'node-redis-helper',
18 silly publish   version: '0.1.1',
18 silly publish   description: 'A lightweight Promise-based wrapper and helper for node Redis.',
18 silly publish   homepage: 'https://github.com/gdbate/node-redis-helper',
18 silly publish   author:
18 silly publish    { name: 'Greg Bate',
18 silly publish      email: 'gdbate@gmail.com',
18 silly publish      url: 'https://github.com/gdbate' },
18 silly publish   keywords:
18 silly publish    [ 'node',
18 silly publish      'npm',
18 silly publish      'redis',
18 silly publish      'node-redis',
18 silly publish      'wrapper',
18 silly publish      'helper',
18 silly publish      'node_redis',
18 silly publish      'async',
18 silly publish      'promise',
18 silly publish      'defer',
18 silly publish      'deferred' ],
18 silly publish   contributors:
18 silly publish    [ { name: 'Greg Bate',
18 silly publish        email: 'gdbate@gmail.com',
18 silly publish        url: 'https://github.com/gdbate' } ],
18 silly publish   repository:
18 silly publish    { type: 'git',
18 silly publish      url: 'git+https://github.com/gdbate/node-redis-helper.git' },
18 silly publish   bugs: { url: 'http://github.com/gdbate/node-redis-helper/issues' },
18 silly publish   license: 'MIT',
18 silly publish   dependencies: { redis: '~2.2.5', q: '~1.4.1' },
18 silly publish   readme: '# node-redis-helper\n\nA lightweight Promise-based wrapper and helper for node Redis.\n\n`node-redis-helper` tries to be a durable way of optaining a client connection. More features soon to come.\n\n**Currently undergoing testing, probably shouldn\'t use :)**\n\n#Initialization\n\n```sh\nnpm install node-redis-helper\n```\n\n```js\nvar redisOptions = {\n\thost: \'127.0.0.1\',\n\tport: 6370,\n\tpassword: \'chicken\'\n};\nredis = new RedisHelper(redisOptions);\n\n```\n\n#Fetch a client\n\nnode-redis-helper Tries to be a \n\n```\nredis.client()\n\t.then(function(client){\n\t\t//use client like normal\n\t\tclient.set(\'chicken\', \'bessie\');\n\t})\n\t.catch(function(err){\n\t\tconsole.log(\'Redis Error\',err);\n\t})\n```\n\n#Client Operations\n\nPlease check out [Node Redis](https://www.npmjs.com/package/redis) for a full list of operations.\n\n#To Do\n\n* Connection Pooling\n* Evaluate IO Redis\n* More Testing',
18 silly publish   readmeFilename: 'README.md',
18 silly publish   gitHead: '9cd8b83e6939e3e634cfd6d8a9e87ceca0bbea9f',
18 silly publish   _id: 'node-redis-helper@0.1.1',
18 silly publish   scripts: {},
18 silly publish   _shasum: '92b4b29f0ec85967c1ad571d4dfb2cd29a95a28f',
18 silly publish   _from: '.' }
19 verbose getPublishConfig undefined
20 silly mapToRegistry name node-redis-helper
21 silly mapToRegistry using default registry
22 silly mapToRegistry registry https://registry.npmjs.org/
23 silly mapToRegistry uri https://registry.npmjs.org/node-redis-helper
24 verbose publish registryBase https://registry.npmjs.org/
25 silly publish uploading /Users/gdbate/.npm/node-redis-helper/0.1.1/package.tgz
26 verbose request uri https://registry.npmjs.org/node-redis-helper
27 verbose request sending authorization for write operation
28 info attempt registry request try #1 at 13:10:33
29 verbose request using bearer token for auth
30 verbose request id f43d73b0936c1863
31 http request PUT https://registry.npmjs.org/node-redis-helper
32 http 403 https://registry.npmjs.org/node-redis-helper
33 verbose headers { 'content-type': 'application/json',
33 verbose headers   'cache-control': 'max-age=60',
33 verbose headers   'content-length': '95',
33 verbose headers   'accept-ranges': 'bytes',
33 verbose headers   date: 'Fri, 23 Oct 2015 20:10:33 GMT',
33 verbose headers   via: '1.1 varnish',
33 verbose headers   connection: 'keep-alive',
33 verbose headers   'x-served-by': 'cache-lax1421-LAX',
33 verbose headers   'x-cache': 'MISS',
33 verbose headers   'x-cache-hits': '0',
33 verbose headers   'x-timer': 'S1445631033.353840,VS0,VE243' }
34 verbose request invalidating /Users/gdbate/.npm/registry.npmjs.org/node-redis-helper on PUT
35 error publish Failed PUT 403
36 verbose stack Error: "You cannot publish over the previously published version 0.1.1." : node-redis-helper
36 verbose stack     at CachingRegistryClient.<anonymous> (/usr/local/lib/node_modules/npm/node_modules/npm-registry-client/lib/request.js:247:14)
36 verbose stack     at Request._callback (/usr/local/lib/node_modules/npm/node_modules/npm-registry-client/lib/request.js:170:14)
36 verbose stack     at Request.self.callback (/usr/local/lib/node_modules/npm/node_modules/request/request.js:197:22)
36 verbose stack     at Request.emit (events.js:110:17)
36 verbose stack     at Request.<anonymous> (/usr/local/lib/node_modules/npm/node_modules/request/request.js:1050:14)
36 verbose stack     at Request.emit (events.js:129:20)
36 verbose stack     at IncomingMessage.<anonymous> (/usr/local/lib/node_modules/npm/node_modules/request/request.js:996:12)
36 verbose stack     at IncomingMessage.emit (events.js:129:20)
36 verbose stack     at _stream_readable.js:908:16
36 verbose stack     at process._tickCallback (node.js:355:11)
37 verbose statusCode 403
38 verbose pkgid node-redis-helper
39 verbose cwd /Users/gdbate/Sites/node-redis-helper
40 error Darwin 14.5.0
41 error argv "node" "/usr/local/bin/npm" "publish"
42 error node v0.12.7
43 error npm  v2.12.1
44 error code E403
45 error "You cannot publish over the previously published version 0.1.1." : node-redis-helper
46 error If you need help, you may report this error at:
46 error     <https://github.com/npm/npm/issues>
47 verbose exit [ 1, true ]
